\BOOKMARK [0][-]{chapter*.3}{\376\377\000B\000u\000f\000f\000e\000r\000\040\000R\000e\000c\000i\000p\000e\000s}{}% 1
\BOOKMARK [1][-]{section*.4}{\376\377\000G\000e\000n\000e\000r\000a\000l\000\040\000B\000u\000f\000f\000e\000r\000s}{chapter*.3}% 2
\BOOKMARK [1][-]{section*.8}{\376\377\000N\000i\000c\000k\000e\000l\000\040\000A\000f\000f\000i\000n\000i\000t\000y\000\040\000B\000u\000f\000f\000e\000r\000s}{chapter*.3}% 3
\BOOKMARK [1][-]{section*.9}{\376\377\000A\000g\000a\000r\000o\000s\000e\000\040\000G\000e\000l\000s}{chapter*.3}% 4
\BOOKMARK [1][-]{section*.12}{\376\377\000S\000D\000S\000-\000P\000A\000G\000E\000\040\000G\000e\000l\000s}{chapter*.3}% 5
\BOOKMARK [1][-]{section*.22}{\376\377\000P\000r\000e\000p\000a\000r\000i\000n\000g\000\040\000D\000i\000a\000l\000y\000s\000i\000s\000\040\000T\000u\000b\000i\000n\000g}{chapter*.3}% 6
\BOOKMARK [1][-]{section*.23}{\376\377\000N\000a\000t\000i\000v\000e\000-\000P\000A\000G\000E\000\040\000g\000e\000l\000s}{chapter*.3}% 7
\BOOKMARK [0][-]{chapter*.28}{\376\377\000D\000N\000A\000\040\000H\000a\000n\000d\000l\000i\000n\000g}{}% 8
\BOOKMARK [1][-]{section*.29}{\376\377\000E\000t\000h\000a\000n\000o\000l\000\040\000P\000r\000e\000c\000i\000p\000i\000t\000a\000t\000i\000o\000n}{chapter*.28}% 9
\BOOKMARK [1][-]{section*.30}{\376\377\000R\000a\000d\000i\000o\000a\000c\000t\000i\000v\000e\000\040\000S\000u\000b\000s\000t\000r\000a\000t\000e\000\040\000L\000a\000b\000e\000l\000l\000i\000n\000g}{chapter*.28}% 10
\BOOKMARK [0][-]{chapter*.33}{\376\377\000C\000e\000l\000l\000\040\000M\000e\000t\000h\000o\000d\000s}{}% 11
\BOOKMARK [1][-]{section*.34}{\376\377\000M\000a\000k\000i\000n\000g\000\040\000E\000l\000e\000c\000t\000r\000o\000c\000o\000m\000p\000e\000t\000a\000n\000t\000\040\000E\000.\000c\000o\000l\000i}{chapter*.33}% 12
\BOOKMARK [1][-]{section*.35}{\376\377\000E\000l\000e\000c\000t\000r\000o\000p\000o\000r\000a\000t\000i\000o\000n}{chapter*.33}% 13
\BOOKMARK [1][-]{section*.36}{\376\377\000G\000l\000y\000c\000e\000r\000o\000l\000\040\000S\000t\000o\000c\000k\000s}{chapter*.33}% 14
\BOOKMARK [0][-]{chapter*.37}{\376\377\000P\000u\000r\000i\000f\000i\000c\000a\000t\000i\000o\000n\000\040\000M\000e\000t\000h\000o\000d\000s}{}% 15
\BOOKMARK [1][-]{section*.38}{\376\377\000T\000E\000V\000\040\000P\000r\000o\000t\000e\000a\000s\000e}{chapter*.37}% 16
\BOOKMARK [0][-]{appendix*.42}{\376\377\000A\000p\000p\000e\000n\000d\000i\000x}{}% 17
\BOOKMARK [1][-]{section*.43}{\376\377\000D\000o\000o\000r\000\040\000C\000o\000d\000e\000s}{appendix*.42}% 18
\BOOKMARK [1][-]{section*.44}{\376\377\000U\000s\000e\000f\000u\000l\000\040\000W\000e\000b\000s\000i\000t\000e\000s}{appendix*.42}% 19
\BOOKMARK [1][-]{section*.45}{\376\377\000P\000r\000o\000j\000e\000c\000t\000\040\000C\000o\000d\000e\000s}{appendix*.42}% 20
\BOOKMARK [1][-]{section*.46}{\376\377\000E\000x\000t\000i\000n\000c\000t\000i\000o\000n\000\040\000C\000o\000e\000f\000f\000i\000c\000i\000e\000n\000t\000s}{appendix*.42}% 21
